2018-03-24 17:09:35  [ NioProcessor-2:0 ] - [ INFO ]  CREATED
2018-03-24 17:09:35  [ NioProcessor-2:15 ] - [ INFO ]  create session:1
2018-03-24 17:09:35  [ NioProcessor-2:15 ] - [ INFO ]  OPENED
2018-03-24 17:09:35  [ NioProcessor-2:15 ] - [ INFO ]  open session:1
2018-03-24 17:09:35  [ NioProcessor-2:21 ] - [ INFO ]  RECEIVED: HeapBuffer[pos=0 lim=292 cap=2048: 50 4F 53 54 20 2F 20 48 54 54 50 2F 31 2E 31 0D...]
2018-03-24 17:09:35  [ NioProcessor-2:22 ] - [ WARN ]  EXCEPTION, please implement com.MyHttpHandler.exceptionCaught() for proper handling:
org.apache.mina.filter.codec.ProtocolDecoderException: org.apache.mina.core.buffer.BufferDataException: dataLength: 1347375956 (Hexdump: 50 4F 53 54 20 2F 20 48 54 54 50 2F 31 2E 31 0D 0A 43 6F 6E 74 65 6E 74 2D 54 79 70 65 3A 20 61 70 70 6C 69 63 61 74 69 6F 6E 2F 6A 73 6F 6E 0D 0A 63 61 63 68 65 2D 63 6F 6E 74 72 6F 6C 3A 20 6E 6F 2D 63 61 63 68 65 0D 0A 50 6F 73 74 6D 61 6E 2D 54 6F 6B 65 6E 3A 20 64 61 32 63 62 36 61 34 2D 33 61 31 30 2D 34 39 37 30 2D 61 63 31 31 2D 66 62 66 37 37 36 36 30 62 38 33 31 0D 0A 55 73 65 72 2D 41 67 65 6E 74 3A 20 50 6F 73 74 6D 61 6E 52 75 6E 74 69 6D 65 2F 37 2E 31 2E 31 0D 0A 41 63 63 65 70 74 3A 20 2A 2F 2A 0D 0A 48 6F 73 74 3A 20 31 32 37 2E 30 2E 30 2E 31 3A 35 30 30 30 0D 0A 61 63 63 65 70 74 2D 65 6E 63 6F 64 69 6E 67 3A 20 67 7A 69 70 2C 20 64 65 66 6C 61 74 65 0D 0A 63 6F 6E 74 65 6E 74 2D 6C 65 6E 67 74 68 3A 20 31 38 0D 0A 43 6F 6E 6E 65 63 74 69 6F 6E 3A 20 6B 65 65 70 2D 61 6C 69 76 65 0D 0A 0D 0A 7B 0A 09 22 6E 61 6D 65 22 3A 22 79 65 73 74 22 0A 7D)
	at org.apache.mina.filter.codec.ProtocolCodecFilter.messageReceived(ProtocolCodecFilter.java:239)
	at org.apache.mina.core.filterchain.DefaultIoFilterChain.callNextMessageReceived(DefaultIoFilterChain.java:542)
	at org.apache.mina.core.filterchain.DefaultIoFilterChain.access$1300(DefaultIoFilterChain.java:48)
	at org.apache.mina.core.filterchain.DefaultIoFilterChain$EntryImpl$1.messageReceived(DefaultIoFilterChain.java:943)
	at org.apache.mina.filter.logging.LoggingFilter.messageReceived(LoggingFilter.java:208)
	at org.apache.mina.core.filterchain.DefaultIoFilterChain.callNextMessageReceived(DefaultIoFilterChain.java:542)
	at org.apache.mina.core.filterchain.DefaultIoFilterChain.access$1300(DefaultIoFilterChain.java:48)
	at org.apache.mina.core.filterchain.DefaultIoFilterChain$EntryImpl$1.messageReceived(DefaultIoFilterChain.java:943)
	at org.apache.mina.core.filterchain.IoFilterAdapter.messageReceived(IoFilterAdapter.java:109)
	at org.apache.mina.core.filterchain.DefaultIoFilterChain.callNextMessageReceived(DefaultIoFilterChain.java:542)
	at org.apache.mina.core.filterchain.DefaultIoFilterChain.fireMessageReceived(DefaultIoFilterChain.java:535)
	at org.apache.mina.core.polling.AbstractPollingIoProcessor.read(AbstractPollingIoProcessor.java:697)
	at org.apache.mina.core.polling.AbstractPollingIoProcessor.process(AbstractPollingIoProcessor.java:651)
	at org.apache.mina.core.polling.AbstractPollingIoProcessor.process(AbstractPollingIoProcessor.java:640)
	at org.apache.mina.core.polling.AbstractPollingIoProcessor.access$600(AbstractPollingIoProcessor.java:68)
	at org.apache.mina.core.polling.AbstractPollingIoProcessor$Processor.run(AbstractPollingIoProcessor.java:1097)
	at org.apache.mina.util.NamePreservingRunnable.run(NamePreservingRunnable.java:64)
	at java.util.concurrent.ThreadPoolExecutor.runWorker(ThreadPoolExecutor.java:1149)
	at java.util.concurrent.ThreadPoolExecutor$Worker.run(ThreadPoolExecutor.java:624)
	at java.lang.Thread.run(Thread.java:748)
Caused by: org.apache.mina.core.buffer.BufferDataException: dataLength: 1347375956
	at org.apache.mina.core.buffer.AbstractIoBuffer.prefixedDataAvailable(AbstractIoBuffer.java:2305)
	at org.apache.mina.filter.codec.serialization.ObjectSerializationDecoder.doDecode(ObjectSerializationDecoder.java:93)
	at org.apache.mina.filter.codec.CumulativeProtocolDecoder.decode(CumulativeProtocolDecoder.java:176)
	at org.apache.mina.filter.codec.ProtocolCodecFilter.messageReceived(ProtocolCodecFilter.java:230)
	... 19 more
2018-03-24 17:09:35  [ NioProcessor-2:32 ] - [ INFO ]  ex session:1
2018-03-24 17:09:35  [ NioProcessor-2:33 ] - [ ERROR ]  ex:org.apache.mina.core.buffer.BufferDataException: dataLength: 1347375956 (Hexdump: 50 4F 53 54 20 2F 20 48 54 54 50 2F 31 2E 31 0D 0A 43 6F 6E 74 65 6E 74 2D 54 79 70 65 3A 20 61 70 70 6C 69 63 61 74 69 6F 6E 2F 6A 73 6F 6E 0D 0A 63 61 63 68 65 2D 63 6F 6E 74 72 6F 6C 3A 20 6E 6F 2D 63 61 63 68 65 0D 0A 50 6F 73 74 6D 61 6E 2D 54 6F 6B 65 6E 3A 20 64 61 32 63 62 36 61 34 2D 33 61 31 30 2D 34 39 37 30 2D 61 63 31 31 2D 66 62 66 37 37 36 36 30 62 38 33 31 0D 0A 55 73 65 72 2D 41 67 65 6E 74 3A 20 50 6F 73 74 6D 61 6E 52 75 6E 74 69 6D 65 2F 37 2E 31 2E 31 0D 0A 41 63 63 65 70 74 3A 20 2A 2F 2A 0D 0A 48 6F 73 74 3A 20 31 32 37 2E 30 2E 30 2E 31 3A 35 30 30 30 0D 0A 61 63 63 65 70 74 2D 65 6E 63 6F 64 69 6E 67 3A 20 67 7A 69 70 2C 20 64 65 66 6C 61 74 65 0D 0A 63 6F 6E 74 65 6E 74 2D 6C 65 6E 67 74 68 3A 20 31 38 0D 0A 43 6F 6E 6E 65 63 74 69 6F 6E 3A 20 6B 65 65 70 2D 61 6C 69 76 65 0D 0A 0D 0A 7B 0A 09 22 6E 61 6D 65 22 3A 22 79 65 73 74 22 0A 7D)
